<?xml version="1.0" encoding="UTF-8"?>
<testng-results skipped="0" failed="0" total="1" passed="1">
  <reporter-output>
  </reporter-output>
  <suite name="Default suite" duration-ms="24416" started-at="2018-02-03T10:24:53Z" finished-at="2018-02-03T10:25:17Z">
    <groups>
    </groups>
    <test name="Default test" duration-ms="24416" started-at="2018-02-03T10:24:53Z" finished-at="2018-02-03T10:25:17Z">
      <class name="qsp.DemoA">
        <test-method status="PASS" signature="testA()[pri:0, instance:qsp.DemoA@4520ebad]" name="testA" duration-ms="24385" started-at="2018-02-03T15:54:53Z" finished-at="2018-02-03T15:55:17Z">
          <reporter-output>
          </reporter-output>
        </test-method> <!-- testA -->
      </class> <!-- qsp.DemoA -->
    </test> <!-- Default test -->
  </suite> <!-- Default suite -->
</testng-results>
